<?xml version="1.0" encoding="UTF-8"?>
<!-- Generated by org.testng.reporters.JUnitReportReporter -->
<testsuite skipped="0" hostname="Raghunaths-MacBook-Pro.local" name="com.crm.qa.testcases.LoginPageTest" tests="3" failures="0" timestamp="11 May 2020 04:36:49 GMT" time="14.955" errors="0">
  <testcase name="loginPageTitleTest" time="3.791" classname="com.crm.qa.testcases.LoginPageTest"/>
  <testcase name="crmLogoTest" time="4.555" classname="com.crm.qa.testcases.LoginPageTest"/>
  <testcase name="loginTest" time="6.609" classname="com.crm.qa.testcases.LoginPageTest"/>
</testsuite> <!-- com.crm.qa.testcases.LoginPageTest -->
