<?xml version="1.0" encoding="UTF-8"?>
<!-- Generated by org.testng.reporters.JUnitReportReporter -->
<testsuite skipped="1" hostname="Raghunaths-MacBook-Pro.local" name="com.crm.qa.testcases.ContactsPageTest" tests="1" failures="0" timestamp="11 May 2020 02:29:17 GMT" time="0.000" errors="0">
  <testcase name="validateCreateNewContact" time="0.000" classname="com.crm.qa.testcases.ContactsPageTest">
    <skipped/>
  </testcase> <!-- validateCreateNewContact -->
</testsuite> <!-- com.crm.qa.testcases.ContactsPageTest -->
